# JRE version: OpenJDK Runtime Environment (8.0_152-b01) (build 1.8.0_152-release-1343-b01)
# Java VM: OpenJDK 64-Bit Server VM (25.152-b01 mixed mode windows-amd64 compressed oops)
Heap:
 PSYoungGen      total 219648K, used 26645K [0x00000000e0000000, 0x00000000f3880000, 0x0000000100000000)
  eden space 202752K, 13% used [0x00000000e0000000,0x00000000e1a05770,0x00000000ec600000)
  from space 16896K, 0% used [0x00000000ec600000,0x00000000ec600000,0x00000000ed680000)
  to   space 16384K, 0% used [0x00000000f2880000,0x00000000f2880000,0x00000000f3880000)
 ParOldGen       total 83456K, used 37658K [0x00000000a0000000, 0x00000000a5180000, 0x00000000e0000000)
  object space 83456K, 45% used [0x00000000a0000000,0x00000000a24c6a50,0x00000000a5180000)
 Metaspace       used 57172K, capacity 58958K, committed 59224K, reserved 1099776K
  class space    used 7795K, capacity 8222K, committed 8320K, reserved 1048576K
GC Heap History (10 events):
Event: 23.108 GC heap before
{Heap before GC invocations=12 (full 2):
 PSYoungGen      total 157696K, used 6125K [0x00000000e0000000, 0x00000000ed600000, 0x0000000100000000)
  eden space 145408K, 0% used [0x00000000e0000000,0x00000000e0000000,0x00000000e8e00000)
  from space 12288K, 49% used [0x00000000e9980000,0x00000000e9f7b6b0,0x00000000ea580000)
  to   space 11776K, 0% used [0x00000000e8e00000,0x00000000e8e00000,0x00000000e9980000)
 ParOldGen       total 36352K, used 19226K [0x00000000a0000000, 0x00000000a2380000, 0x00000000e0000000)
  object space 36352K, 52% used [0x00000000a0000000,0x00000000a12c6b38,0x00000000a2380000)
 Metaspace       used 34598K, capacity 35374K, committed 35416K, reserved 1079296K
  class space    used 4749K, capacity 4961K, committed 4992K, reserved 1048576K
Event: 23.573 GC heap after
Heap after GC invocations=12 (full 2):
 PSYoungGen      total 157696K, used 0K [0x00000000e0000000, 0x00000000ed600000, 0x0000000100000000)
  eden space 145408K, 0% used [0x00000000e0000000,0x00000000e0000000,0x00000000e8e00000)
  from space 12288K, 0% used [0x00000000e9980000,0x00000000e9980000,0x00000000ea580000)
  to   space 11776K, 0% used [0x00000000e8e00000,0x00000000e8e00000,0x00000000e9980000)
 ParOldGen       total 50688K, used 16282K [0x00000000a0000000, 0x00000000a3180000, 0x00000000e0000000)
  object space 50688K, 32% used [0x00000000a0000000,0x00000000a0fe6a18,0x00000000a3180000)
 Metaspace       used 34575K, capacity 35286K, committed 35416K, reserved 1079296K
  class space    used 4742K, capacity 4953K, committed 4992K, reserved 1048576K
}
Event: 29.601 GC heap before
{Heap before GC invocations=13 (full 2):
 PSYoungGen      total 157696K, used 145408K [0x00000000e0000000, 0x00000000ed600000, 0x0000000100000000)
  eden space 145408K, 100% used [0x00000000e0000000,0x00000000e8e00000,0x00000000e8e00000)
  from space 12288K, 0% used [0x00000000e9980000,0x00000000e9980000,0x00000000ea580000)
  to   space 11776K, 0% used [0x00000000e8e00000,0x00000000e8e00000,0x00000000e9980000)
 ParOldGen       total 50688K, used 16282K [0x00000000a0000000, 0x00000000a3180000, 0x00000000e0000000)
  object space 50688K, 32% used [0x00000000a0000000,0x00000000a0fe6a18,0x00000000a3180000)
 Metaspace       used 46844K, capacity 47962K, committed 48216K, reserved 1091584K
  class space    used 6371K, capacity 6699K, committed 6784K, reserved 1048576K
Event: 29.682 GC heap after
Heap after GC invocations=13 (full 2):
 PSYoungGen      total 157184K, used 11763K [0x00000000e0000000, 0x00000000ee700000, 0x0000000100000000)
  eden space 145408K, 0% used [0x00000000e0000000,0x00000000e0000000,0x00000000e8e00000)
  from space 11776K, 99% used [0x00000000e8e00000,0x00000000e997ce10,0x00000000e9980000)
  to   space 14848K, 0% used [0x00000000ed880000,0x00000000ed880000,0x00000000ee700000)
 ParOldGen       total 50688K, used 21306K [0x00000000a0000000, 0x00000000a3180000, 0x00000000e0000000)
  object space 50688K, 42% used [0x00000000a0000000,0x00000000a14cebc8,0x00000000a3180000)
 Metaspace       used 46844K, capacity 47962K, committed 48216K, reserved 1091584K
  class space    used 6371K, capacity 6699K, committed 6784K, reserved 1048576K
}
Event: 35.551 GC heap before
{Heap before GC invocations=14 (full 2):
 PSYoungGen      total 157184K, used 157171K [0x00000000e0000000, 0x00000000ee700000, 0x0000000100000000)
  eden space 145408K, 100% used [0x00000000e0000000,0x00000000e8e00000,0x00000000e8e00000)
  from space 11776K, 99% used [0x00000000e8e00000,0x00000000e997ce10,0x00000000e9980000)
  to   space 14848K, 0% used [0x00000000ed880000,0x00000000ed880000,0x00000000ee700000)
 ParOldGen       total 50688K, used 21306K [0x00000000a0000000, 0x00000000a3180000, 0x00000000e0000000)
  object space 50688K, 42% used [0x00000000a0000000,0x00000000a14cebc8,0x00000000a3180000)
 Metaspace       used 56939K, capacity 58682K, committed 58968K, reserved 1099776K
  class space    used 7771K, capacity 8208K, committed 8320K, reserved 1048576K
Event: 35.636 GC heap after
Heap after GC invocations=14 (full 2):
 PSYoungGen      total 217600K, used 14150K [0x00000000e0000000, 0x00000000ee700000, 0x0000000100000000)
  eden space 202752K, 0% used [0x00000000e0000000,0x00000000e0000000,0x00000000ec600000)
  from space 14848K, 95% used [0x00000000ed880000,0x00000000ee651b58,0x00000000ee700000)
  to   space 16896K, 0% used [0x00000000ec600000,0x00000000ec600000,0x00000000ed680000)
 ParOldGen       total 50688K, used 30237K [0x00000000a0000000, 0x00000000a3180000, 0x00000000e0000000)
  object space 50688K, 59% used [0x00000000a0000000,0x00000000a1d87580,0x00000000a3180000)
 Metaspace       used 56939K, capacity 58682K, committed 58968K, reserved 1099776K
  class space    used 7771K, capacity 8208K, committed 8320K, reserved 1048576K
}
Event: 36.146 GC heap before
{Heap before GC invocations=15 (full 2):
 PSYoungGen      total 217600K, used 48398K [0x00000000e0000000, 0x00000000ee700000, 0x0000000100000000)
  eden space 202752K, 16% used [0x00000000e0000000,0x00000000e2171f70,0x00000000ec600000)
  from space 14848K, 95% used [0x00000000ed880000,0x00000000ee651b58,0x00000000ee700000)
  to   space 16896K, 0% used [0x00000000ec600000,0x00000000ec600000,0x00000000ed680000)
 ParOldGen       total 50688K, used 30237K [0x00000000a0000000, 0x00000000a3180000, 0x00000000e0000000)
  object space 50688K, 59% used [0x00000000a0000000,0x00000000a1d87580,0x00000000a3180000)
 Metaspace       used 57074K, capacity 58824K, committed 58968K, reserved 1099776K
  class space    used 7780K, capacity 8221K, committed 8320K, reserved 1048576K
Event: 36.195 GC heap after
Heap after GC invocations=15 (full 2):
 PSYoungGen      total 219648K, used 4192K [0x00000000e0000000, 0x00000000f3880000, 0x0000000100000000)
  eden space 202752K, 0% used [0x00000000e0000000,0x00000000e0000000,0x00000000ec600000)
  from space 16896K, 24% used [0x00000000ec600000,0x00000000eca18000,0x00000000ed680000)
  to   space 16384K, 0% used [0x00000000f2880000,0x00000000f2880000,0x00000000f3880000)
 ParOldGen       total 50688K, used 39396K [0x00000000a0000000, 0x00000000a3180000, 0x00000000e0000000)
  object space 50688K, 77% used [0x00000000a0000000,0x00000000a26792b0,0x00000000a3180000)
 Metaspace       used 57074K, capacity 58824K, committed 58968K, reserved 1099776K
  class space    used 7780K, capacity 8221K, committed 8320K, reserved 1048576K
}
Event: 36.195 GC heap before
{Heap before GC invocations=16 (full 3):
 PSYoungGen      total 219648K, used 4192K [0x00000000e0000000, 0x00000000f3880000, 0x0000000100000000)
  eden space 202752K, 0% used [0x00000000e0000000,0x00000000e0000000,0x00000000ec600000)
  from space 16896K, 24% used [0x00000000ec600000,0x00000000eca18000,0x00000000ed680000)
  to   space 16384K, 0% used [0x00000000f2880000,0x00000000f2880000,0x00000000f3880000)
 ParOldGen       total 50688K, used 39396K [0x00000000a0000000, 0x00000000a3180000, 0x00000000e0000000)
  object space 50688K, 77% used [0x00000000a0000000,0x00000000a26792b0,0x00000000a3180000)
 Metaspace       used 57074K, capacity 58824K, committed 58968K, reserved 1099776K
  class space    used 7780K, capacity 8221K, committed 8320K, reserved 1048576K
Event: 36.866 GC heap after
Heap after GC invocations=16 (full 3):
 PSYoungGen      total 219648K, used 0K [0x00000000e0000000, 0x00000000f3880000, 0x0000000100000000)
  eden space 202752K, 0% used [0x00000000e0000000,0x00000000e0000000,0x00000000ec600000)
  from space 16896K, 0% used [0x00000000ec600000,0x00000000ec600000,0x00000000ed680000)
  to   space 16384K, 0% used [0x00000000f2880000,0x00000000f2880000,0x00000000f3880000)
 ParOldGen       total 83456K, used 37658K [0x00000000a0000000, 0x00000000a5180000, 0x00000000e0000000)
  object space 83456K, 45% used [0x00000000a0000000,0x00000000a24c6a50,0x00000000a5180000)
 Metaspace       used 57074K, capacity 58824K, committed 58968K, reserved 1099776K
  class space    used 7780K, capacity 8221K, committed 8320K, reserved 1048576K
}

