# JRE version: OpenJDK Runtime Environment (8.0_152-b01) (build 1.8.0_152-release-1343-b01)
# Java VM: OpenJDK 64-Bit Server VM (25.152-b01 mixed mode windows-amd64 compressed oops)
Heap:
 PSYoungGen      total 161792K, used 19930K [0x00000000e0000000, 0x00000000eb700000, 0x0000000100000000)
  eden space 150016K, 5% used [0x00000000e0000000,0x00000000e07f8758,0x00000000e9280000)
  from space 11776K, 99% used [0x00000000ea080000,0x00000000eabfe168,0x00000000eac00000)
  to   space 14336K, 0% used [0x00000000e9280000,0x00000000e9280000,0x00000000ea080000)
 ParOldGen       total 59392K, used 23427K [0x00000000a0000000, 0x00000000a3a00000, 0x00000000e0000000)
  object space 59392K, 39% used [0x00000000a0000000,0x00000000a16e0e68,0x00000000a3a00000)
 Metaspace       used 44014K, capacity 45082K, committed 45440K, reserved 1087488K
  class space    used 6062K, capacity 6403K, committed 6528K, reserved 1048576K
GC Heap History (10 events):
Event: 17.481 GC heap before
{Heap before GC invocations=8 (full 1):
 PSYoungGen      total 72192K, used 5731K [0x00000000e0000000, 0x00000000e8d00000, 0x0000000100000000)
  eden space 64512K, 0% used [0x00000000e0000000,0x00000000e0000000,0x00000000e3f00000)
  from space 7680K, 74% used [0x00000000e3f00000,0x00000000e4498d08,0x00000000e4680000)
  to   space 7680K, 0% used [0x00000000e8580000,0x00000000e8580000,0x00000000e8d00000)
 ParOldGen       total 44032K, used 8597K [0x00000000a0000000, 0x00000000a2b00000, 0x00000000e0000000)
  object space 44032K, 19% used [0x00000000a0000000,0x00000000a0865600,0x00000000a2b00000)
 Metaspace       used 20791K, capacity 21206K, committed 21248K, reserved 1067008K
  class space    used 2890K, capacity 3042K, committed 3072K, reserved 1048576K
Event: 17.650 GC heap after
Heap after GC invocations=8 (full 1):
 PSYoungGen      total 72192K, used 0K [0x00000000e0000000, 0x00000000e8d00000, 0x0000000100000000)
  eden space 64512K, 0% used [0x00000000e0000000,0x00000000e0000000,0x00000000e3f00000)
  from space 7680K, 0% used [0x00000000e3f00000,0x00000000e3f00000,0x00000000e4680000)
  to   space 7680K, 0% used [0x00000000e8580000,0x00000000e8580000,0x00000000e8d00000)
 ParOldGen       total 35840K, used 10875K [0x00000000a0000000, 0x00000000a2300000, 0x00000000e0000000)
  object space 35840K, 30% used [0x00000000a0000000,0x00000000a0a9ed80,0x00000000a2300000)
 Metaspace       used 20791K, capacity 21206K, committed 21248K, reserved 1067008K
  class space    used 2890K, capacity 3042K, committed 3072K, reserved 1048576K
}
Event: 20.139 GC heap before
{Heap before GC invocations=9 (full 1):
 PSYoungGen      total 72192K, used 64512K [0x00000000e0000000, 0x00000000e8d00000, 0x0000000100000000)
  eden space 64512K, 100% used [0x00000000e0000000,0x00000000e3f00000,0x00000000e3f00000)
  from space 7680K, 0% used [0x00000000e3f00000,0x00000000e3f00000,0x00000000e4680000)
  to   space 7680K, 0% used [0x00000000e8580000,0x00000000e8580000,0x00000000e8d00000)
 ParOldGen       total 35840K, used 10875K [0x00000000a0000000, 0x00000000a2300000, 0x00000000e0000000)
  object space 35840K, 30% used [0x00000000a0000000,0x00000000a0a9ed80,0x00000000a2300000)
 Metaspace       used 25965K, capacity 26566K, committed 26880K, reserved 1073152K
  class space    used 3621K, capacity 3776K, committed 3840K, reserved 1048576K
Event: 20.156 GC heap after
Heap after GC invocations=9 (full 1):
 PSYoungGen      total 115712K, used 6595K [0x00000000e0000000, 0x00000000e8c00000, 0x0000000100000000)
  eden space 109056K, 0% used [0x00000000e0000000,0x00000000e0000000,0x00000000e6a80000)
  from space 6656K, 99% used [0x00000000e8580000,0x00000000e8bf0e88,0x00000000e8c00000)
  to   space 8192K, 0% used [0x00000000e7c00000,0x00000000e7c00000,0x00000000e8400000)
 ParOldGen       total 35840K, used 10883K [0x00000000a0000000, 0x00000000a2300000, 0x00000000e0000000)
  object space 35840K, 30% used [0x00000000a0000000,0x00000000a0aa0d80,0x00000000a2300000)
 Metaspace       used 25965K, capacity 26566K, committed 26880K, reserved 1073152K
  class space    used 3621K, capacity 3776K, committed 3840K, reserved 1048576K
}
Event: 27.370 GC heap before
{Heap before GC invocations=10 (full 1):
 PSYoungGen      total 115712K, used 107953K [0x00000000e0000000, 0x00000000e8c00000, 0x0000000100000000)
  eden space 109056K, 92% used [0x00000000e0000000,0x00000000e62fb648,0x00000000e6a80000)
  from space 6656K, 99% used [0x00000000e8580000,0x00000000e8bf0e88,0x00000000e8c00000)
  to   space 8192K, 0% used [0x00000000e7c00000,0x00000000e7c00000,0x00000000e8400000)
 ParOldGen       total 35840K, used 10883K [0x00000000a0000000, 0x00000000a2300000, 0x00000000e0000000)
  object space 35840K, 30% used [0x00000000a0000000,0x00000000a0aa0d80,0x00000000a2300000)
 Metaspace       used 34546K, capacity 35338K, committed 35416K, reserved 1079296K
  class space    used 4817K, capacity 5062K, committed 5120K, reserved 1048576K
Event: 27.447 GC heap after
Heap after GC invocations=10 (full 1):
 PSYoungGen      total 135168K, used 8176K [0x00000000e0000000, 0x00000000eac00000, 0x0000000100000000)
  eden space 126976K, 0% used [0x00000000e0000000,0x00000000e0000000,0x00000000e7c00000)
  from space 8192K, 99% used [0x00000000e7c00000,0x00000000e83fc010,0x00000000e8400000)
  to   space 11776K, 0% used [0x00000000ea080000,0x00000000ea080000,0x00000000eac00000)
 ParOldGen       total 35840K, used 17020K [0x00000000a0000000, 0x00000000a2300000, 0x00000000e0000000)
  object space 35840K, 47% used [0x00000000a0000000,0x00000000a109f238,0x00000000a2300000)
 Metaspace       used 34546K, capacity 35338K, committed 35416K, reserved 1079296K
  class space    used 4817K, capacity 5062K, committed 5120K, reserved 1048576K
}
Event: 27.447 GC heap before
{Heap before GC invocations=11 (full 2):
 PSYoungGen      total 135168K, used 8176K [0x00000000e0000000, 0x00000000eac00000, 0x0000000100000000)
  eden space 126976K, 0% used [0x00000000e0000000,0x00000000e0000000,0x00000000e7c00000)
  from space 8192K, 99% used [0x00000000e7c00000,0x00000000e83fc010,0x00000000e8400000)
  to   space 11776K, 0% used [0x00000000ea080000,0x00000000ea080000,0x00000000eac00000)
 ParOldGen       total 35840K, used 17020K [0x00000000a0000000, 0x00000000a2300000, 0x00000000e0000000)
  object space 35840K, 47% used [0x00000000a0000000,0x00000000a109f238,0x00000000a2300000)
 Metaspace       used 34546K, capacity 35338K, committed 35416K, reserved 1079296K
  class space    used 4817K, capacity 5062K, committed 5120K, reserved 1048576K
Event: 27.813 GC heap after
Heap after GC invocations=11 (full 2):
 PSYoungGen      total 135168K, used 0K [0x00000000e0000000, 0x00000000eac00000, 0x0000000100000000)
  eden space 126976K, 0% used [0x00000000e0000000,0x00000000e0000000,0x00000000e7c00000)
  from space 8192K, 0% used [0x00000000e7c00000,0x00000000e7c00000,0x00000000e8400000)
  to   space 11776K, 0% used [0x00000000ea080000,0x00000000ea080000,0x00000000eac00000)
 ParOldGen       total 59392K, used 20803K [0x00000000a0000000, 0x00000000a3a00000, 0x00000000e0000000)
  object space 59392K, 35% used [0x00000000a0000000,0x00000000a1450da8,0x00000000a3a00000)
 Metaspace       used 34546K, capacity 35338K, committed 35416K, reserved 1079296K
  class space    used 4817K, capacity 5062K, committed 5120K, reserved 1048576K
}
Event: 33.033 GC heap before
{Heap before GC invocations=12 (full 2):
 PSYoungGen      total 135168K, used 126976K [0x00000000e0000000, 0x00000000eac00000, 0x0000000100000000)
  eden space 126976K, 100% used [0x00000000e0000000,0x00000000e7c00000,0x00000000e7c00000)
  from space 8192K, 0% used [0x00000000e7c00000,0x00000000e7c00000,0x00000000e8400000)
  to   space 11776K, 0% used [0x00000000ea080000,0x00000000ea080000,0x00000000eac00000)
 ParOldGen       total 59392K, used 20803K [0x00000000a0000000, 0x00000000a3a00000, 0x00000000e0000000)
  object space 59392K, 35% used [0x00000000a0000000,0x00000000a1450da8,0x00000000a3a00000)
 Metaspace       used 43601K, capacity 44708K, committed 45056K, reserved 1087488K
  class space    used 6002K, capacity 6330K, committed 6400K, reserved 1048576K
Event: 33.082 GC heap after
Heap after GC invocations=12 (full 2):
 PSYoungGen      total 161792K, used 11768K [0x00000000e0000000, 0x00000000eb700000, 0x0000000100000000)
  eden space 150016K, 0% used [0x00000000e0000000,0x00000000e0000000,0x00000000e9280000)
  from space 11776K, 99% used [0x00000000ea080000,0x00000000eabfe168,0x00000000eac00000)
  to   space 14336K, 0% used [0x00000000e9280000,0x00000000e9280000,0x00000000ea080000)
 ParOldGen       total 59392K, used 23427K [0x00000000a0000000, 0x00000000a3a00000, 0x00000000e0000000)
  object space 59392K, 39% used [0x00000000a0000000,0x00000000a16e0e68,0x00000000a3a00000)
 Metaspace       used 43601K, capacity 44708K, committed 45056K, reserved 1087488K
  class space    used 6002K, capacity 6330K, committed 6400K, reserved 1048576K
}

