# JRE version: OpenJDK Runtime Environment (8.0_152-b01) (build 1.8.0_152-release-1343-b01)
# Java VM: OpenJDK 64-Bit Server VM (25.152-b01 mixed mode windows-amd64 compressed oops)
Heap:
 PSYoungGen      total 135168K, used 40345K [0x00000000e0000000, 0x00000000ead00000, 0x0000000100000000)
  eden space 126976K, 31% used [0x00000000e0000000,0x00000000e2766488,0x00000000e7c00000)
  from space 8192K, 0% used [0x00000000e7c00000,0x00000000e7c00000,0x00000000e8400000)
  to   space 11776K, 0% used [0x00000000ea180000,0x00000000ea180000,0x00000000ead00000)
 ParOldGen       total 35840K, used 34964K [0x00000000a0000000, 0x00000000a2300000, 0x00000000e0000000)
  object space 35840K, 97% used [0x00000000a0000000,0x00000000a22252e8,0x00000000a2300000)
 Metaspace       used 54263K, capacity 56072K, committed 56320K, reserved 1097728K
  class space    used 7491K, capacity 7925K, committed 7936K, reserved 1048576K
GC Heap History (10 events):
Event: 23.013 GC heap before
{Heap before GC invocations=10 (full 1):
 PSYoungGen      total 116736K, used 107679K [0x00000000e0000000, 0x00000000e8c00000, 0x0000000100000000)
  eden space 110080K, 91% used [0x00000000e0000000,0x00000000e62c0050,0x00000000e6b80000)
  from space 6656K, 98% used [0x00000000e8580000,0x00000000e8be7d80,0x00000000e8c00000)
  to   space 8192K, 0% used [0x00000000e7c00000,0x00000000e7c00000,0x00000000e8400000)
 ParOldGen       total 34816K, used 9869K [0x00000000a0000000, 0x00000000a2200000, 0x00000000e0000000)
  object space 34816K, 28% used [0x00000000a0000000,0x00000000a09a3710,0x00000000a2200000)
 Metaspace       used 34609K, capacity 35370K, committed 35416K, reserved 1079296K
  class space    used 4835K, capacity 5094K, committed 5120K, reserved 1048576K
Event: 23.056 GC heap after
Heap after GC invocations=10 (full 1):
 PSYoungGen      total 135168K, used 8163K [0x00000000e0000000, 0x00000000ead00000, 0x0000000100000000)
  eden space 126976K, 0% used [0x00000000e0000000,0x00000000e0000000,0x00000000e7c00000)
  from space 8192K, 99% used [0x00000000e7c00000,0x00000000e83f8e28,0x00000000e8400000)
  to   space 11776K, 0% used [0x00000000ea180000,0x00000000ea180000,0x00000000ead00000)
 ParOldGen       total 34816K, used 16130K [0x00000000a0000000, 0x00000000a2200000, 0x00000000e0000000)
  object space 34816K, 46% used [0x00000000a0000000,0x00000000a0fc0aa0,0x00000000a2200000)
 Metaspace       used 34609K, capacity 35370K, committed 35416K, reserved 1079296K
  class space    used 4835K, capacity 5094K, committed 5120K, reserved 1048576K
}
Event: 23.056 GC heap before
{Heap before GC invocations=11 (full 2):
 PSYoungGen      total 135168K, used 8163K [0x00000000e0000000, 0x00000000ead00000, 0x0000000100000000)
  eden space 126976K, 0% used [0x00000000e0000000,0x00000000e0000000,0x00000000e7c00000)
  from space 8192K, 99% used [0x00000000e7c00000,0x00000000e83f8e28,0x00000000e8400000)
  to   space 11776K, 0% used [0x00000000ea180000,0x00000000ea180000,0x00000000ead00000)
 ParOldGen       total 34816K, used 16130K [0x00000000a0000000, 0x00000000a2200000, 0x00000000e0000000)
  object space 34816K, 46% used [0x00000000a0000000,0x00000000a0fc0aa0,0x00000000a2200000)
 Metaspace       used 34609K, capacity 35370K, committed 35416K, reserved 1079296K
  class space    used 4835K, capacity 5094K, committed 5120K, reserved 1048576K
Event: 23.299 GC heap after
Heap after GC invocations=11 (full 2):
 PSYoungGen      total 135168K, used 0K [0x00000000e0000000, 0x00000000ead00000, 0x0000000100000000)
  eden space 126976K, 0% used [0x00000000e0000000,0x00000000e0000000,0x00000000e7c00000)
  from space 8192K, 0% used [0x00000000e7c00000,0x00000000e7c00000,0x00000000e8400000)
  to   space 11776K, 0% used [0x00000000ea180000,0x00000000ea180000,0x00000000ead00000)
 ParOldGen       total 34816K, used 20921K [0x00000000a0000000, 0x00000000a2200000, 0x00000000e0000000)
  object space 34816K, 60% used [0x00000000a0000000,0x00000000a146e780,0x00000000a2200000)
 Metaspace       used 34609K, capacity 35370K, committed 35416K, reserved 1079296K
  class space    used 4835K, capacity 5094K, committed 5120K, reserved 1048576K
}
Event: 29.704 GC heap before
{Heap before GC invocations=12 (full 2):
 PSYoungGen      total 135168K, used 126976K [0x00000000e0000000, 0x00000000ead00000, 0x0000000100000000)
  eden space 126976K, 100% used [0x00000000e0000000,0x00000000e7c00000,0x00000000e7c00000)
  from space 8192K, 0% used [0x00000000e7c00000,0x00000000e7c00000,0x00000000e8400000)
  to   space 11776K, 0% used [0x00000000ea180000,0x00000000ea180000,0x00000000ead00000)
 ParOldGen       total 34816K, used 20921K [0x00000000a0000000, 0x00000000a2200000, 0x00000000e0000000)
  object space 34816K, 60% used [0x00000000a0000000,0x00000000a146e780,0x00000000a2200000)
 Metaspace       used 43621K, capacity 44736K, committed 45056K, reserved 1087488K
  class space    used 6017K, capacity 6362K, committed 6400K, reserved 1048576K
Event: 29.793 GC heap after
Heap after GC invocations=12 (full 2):
 PSYoungGen      total 138752K, used 11761K [0x00000000e0000000, 0x00000000ead00000, 0x0000000100000000)
  eden space 126976K, 0% used [0x00000000e0000000,0x00000000e0000000,0x00000000e7c00000)
  from space 11776K, 99% used [0x00000000ea180000,0x00000000eacfc470,0x00000000ead00000)
  to   space 8192K, 0% used [0x00000000e7c00000,0x00000000e7c00000,0x00000000e8400000)
 ParOldGen       total 34816K, used 23506K [0x00000000a0000000, 0x00000000a2200000, 0x00000000e0000000)
  object space 34816K, 67% used [0x00000000a0000000,0x00000000a16f4b38,0x00000000a2200000)
 Metaspace       used 43621K, capacity 44736K, committed 45056K, reserved 1087488K
  class space    used 6017K, capacity 6362K, committed 6400K, reserved 1048576K
}
Event: 34.806 GC heap before
{Heap before GC invocations=13 (full 2):
 PSYoungGen      total 138752K, used 138737K [0x00000000e0000000, 0x00000000ead00000, 0x0000000100000000)
  eden space 126976K, 100% used [0x00000000e0000000,0x00000000e7c00000,0x00000000e7c00000)
  from space 11776K, 99% used [0x00000000ea180000,0x00000000eacfc470,0x00000000ead00000)
  to   space 8192K, 0% used [0x00000000e7c00000,0x00000000e7c00000,0x00000000e8400000)
 ParOldGen       total 34816K, used 23506K [0x00000000a0000000, 0x00000000a2200000, 0x00000000e0000000)
  object space 34816K, 67% used [0x00000000a0000000,0x00000000a16f4b38,0x00000000a2200000)
 Metaspace       used 53750K, capacity 55478K, committed 55808K, reserved 1097728K
  class space    used 7430K, capacity 7848K, committed 7936K, reserved 1048576K
Event: 34.866 GC heap after
Heap after GC invocations=13 (full 2):
 PSYoungGen      total 135168K, used 8160K [0x00000000e0000000, 0x00000000ead00000, 0x0000000100000000)
  eden space 126976K, 0% used [0x00000000e0000000,0x00000000e0000000,0x00000000e7c00000)
  from space 8192K, 99% used [0x00000000e7c00000,0x00000000e83f83a8,0x00000000e8400000)
  to   space 11776K, 0% used [0x00000000ea180000,0x00000000ea180000,0x00000000ead00000)
 ParOldGen       total 35840K, used 35641K [0x00000000a0000000, 0x00000000a2300000, 0x00000000e0000000)
  object space 35840K, 99% used [0x00000000a0000000,0x00000000a22ce7b8,0x00000000a2300000)
 Metaspace       used 53750K, capacity 55478K, committed 55808K, reserved 1097728K
  class space    used 7430K, capacity 7848K, committed 7936K, reserved 1048576K
}
Event: 34.867 GC heap before
{Heap before GC invocations=14 (full 3):
 PSYoungGen      total 135168K, used 8160K [0x00000000e0000000, 0x00000000ead00000, 0x0000000100000000)
  eden space 126976K, 0% used [0x00000000e0000000,0x00000000e0000000,0x00000000e7c00000)
  from space 8192K, 99% used [0x00000000e7c00000,0x00000000e83f83a8,0x00000000e8400000)
  to   space 11776K, 0% used [0x00000000ea180000,0x00000000ea180000,0x00000000ead00000)
 ParOldGen       total 35840K, used 35641K [0x00000000a0000000, 0x00000000a2300000, 0x00000000e0000000)
  object space 35840K, 99% used [0x00000000a0000000,0x00000000a22ce7b8,0x00000000a2300000)
 Metaspace       used 53750K, capacity 55478K, committed 55808K, reserved 1097728K
  class space    used 7430K, capacity 7848K, committed 7936K, reserved 1048576K
Event: 35.347 GC heap after
Heap after GC invocations=14 (full 3):
 PSYoungGen      total 135168K, used 0K [0x00000000e0000000, 0x00000000ead00000, 0x0000000100000000)
  eden space 126976K, 0% used [0x00000000e0000000,0x00000000e0000000,0x00000000e7c00000)
  from space 8192K, 0% used [0x00000000e7c00000,0x00000000e7c00000,0x00000000e8400000)
  to   space 11776K, 0% used [0x00000000ea180000,0x00000000ea180000,0x00000000ead00000)
 ParOldGen       total 35840K, used 34964K [0x00000000a0000000, 0x00000000a2300000, 0x00000000e0000000)
  object space 35840K, 97% used [0x00000000a0000000,0x00000000a22252e8,0x00000000a2300000)
 Metaspace       used 53750K, capacity 55478K, committed 55808K, reserved 1097728K
  class space    used 7430K, capacity 7848K, committed 7936K, reserved 1048576K
}

