# JRE version: OpenJDK Runtime Environment (8.0_152-b01) (build 1.8.0_152-release-1343-b01)
# Java VM: OpenJDK 64-Bit Server VM (25.152-b01 mixed mode windows-amd64 compressed oops)
Heap:
 PSYoungGen      total 130048K, used 40517K [0x00000000e0000000, 0x00000000ea580000, 0x0000000100000000)
  eden space 119808K, 25% used [0x00000000e0000000,0x00000000e1d97138,0x00000000e7500000)
  from space 10240K, 99% used [0x00000000e7500000,0x00000000e7efa358,0x00000000e7f00000)
  to   space 14336K, 0% used [0x00000000e9780000,0x00000000e9780000,0x00000000ea580000)
 ParOldGen       total 56320K, used 26099K [0x00000000a0000000, 0x00000000a3700000, 0x00000000e0000000)
  object space 56320K, 46% used [0x00000000a0000000,0x00000000a197ce70,0x00000000a3700000)
 Metaspace       used 52952K, capacity 54654K, committed 54912K, reserved 1095680K
  class space    used 7304K, capacity 7748K, committed 7808K, reserved 1048576K
GC Heap History (10 events):
Event: 16.738 GC heap before
{Heap before GC invocations=11 (full 1):
 PSYoungGen      total 72192K, used 72153K [0x00000000e0000000, 0x00000000e6780000, 0x0000000100000000)
  eden space 65536K, 100% used [0x00000000e0000000,0x00000000e4000000,0x00000000e4000000)
  from space 6656K, 99% used [0x00000000e4000000,0x00000000e4676720,0x00000000e4680000)
  to   space 7680K, 0% used [0x00000000e6000000,0x00000000e6000000,0x00000000e6780000)
 ParOldGen       total 35328K, used 10931K [0x00000000a0000000, 0x00000000a2280000, 0x00000000e0000000)
  object space 35328K, 30% used [0x00000000a0000000,0x00000000a0aacf00,0x00000000a2280000)
 Metaspace       used 30320K, capacity 30966K, committed 31104K, reserved 1075200K
  class space    used 4259K, capacity 4452K, committed 4480K, reserved 1048576K
Event: 16.786 GC heap after
Heap after GC invocations=11 (full 1):
 PSYoungGen      total 96768K, used 7672K [0x00000000e0000000, 0x00000000e6a00000, 0x0000000100000000)
  eden space 89088K, 0% used [0x00000000e0000000,0x00000000e0000000,0x00000000e5700000)
  from space 7680K, 99% used [0x00000000e6000000,0x00000000e677e268,0x00000000e6780000)
  to   space 9216K, 0% used [0x00000000e5700000,0x00000000e5700000,0x00000000e6000000)
 ParOldGen       total 35328K, used 13339K [0x00000000a0000000, 0x00000000a2280000, 0x00000000e0000000)
  object space 35328K, 37% used [0x00000000a0000000,0x00000000a0d06e48,0x00000000a2280000)
 Metaspace       used 30320K, capacity 30966K, committed 31104K, reserved 1075200K
  class space    used 4259K, capacity 4452K, committed 4480K, reserved 1048576K
}
Event: 19.075 GC heap before
{Heap before GC invocations=12 (full 1):
 PSYoungGen      total 96768K, used 42454K [0x00000000e0000000, 0x00000000e6a00000, 0x0000000100000000)
  eden space 89088K, 39% used [0x00000000e0000000,0x00000000e21f7770,0x00000000e5700000)
  from space 7680K, 99% used [0x00000000e6000000,0x00000000e677e268,0x00000000e6780000)
  to   space 9216K, 0% used [0x00000000e5700000,0x00000000e5700000,0x00000000e6000000)
 ParOldGen       total 35328K, used 13339K [0x00000000a0000000, 0x00000000a2280000, 0x00000000e0000000)
  object space 35328K, 37% used [0x00000000a0000000,0x00000000a0d06e48,0x00000000a2280000)
 Metaspace       used 34612K, capacity 35370K, committed 35416K, reserved 1079296K
  class space    used 4833K, capacity 5094K, committed 5120K, reserved 1048576K
Event: 19.123 GC heap after
Heap after GC invocations=12 (full 1):
 PSYoungGen      total 98304K, used 4457K [0x00000000e0000000, 0x00000000e8900000, 0x0000000100000000)
  eden space 89088K, 0% used [0x00000000e0000000,0x00000000e0000000,0x00000000e5700000)
  from space 9216K, 48% used [0x00000000e5700000,0x00000000e5b5a470,0x00000000e6000000)
  to   space 9216K, 0% used [0x00000000e8000000,0x00000000e8000000,0x00000000e8900000)
 ParOldGen       total 35328K, used 19943K [0x00000000a0000000, 0x00000000a2280000, 0x00000000e0000000)
  object space 35328K, 56% used [0x00000000a0000000,0x00000000a1379dd8,0x00000000a2280000)
 Metaspace       used 34612K, capacity 35370K, committed 35416K, reserved 1079296K
  class space    used 4833K, capacity 5094K, committed 5120K, reserved 1048576K
}
Event: 19.123 GC heap before
{Heap before GC invocations=13 (full 2):
 PSYoungGen      total 98304K, used 4457K [0x00000000e0000000, 0x00000000e8900000, 0x0000000100000000)
  eden space 89088K, 0% used [0x00000000e0000000,0x00000000e0000000,0x00000000e5700000)
  from space 9216K, 48% used [0x00000000e5700000,0x00000000e5b5a470,0x00000000e6000000)
  to   space 9216K, 0% used [0x00000000e8000000,0x00000000e8000000,0x00000000e8900000)
 ParOldGen       total 35328K, used 19943K [0x00000000a0000000, 0x00000000a2280000, 0x00000000e0000000)
  object space 35328K, 56% used [0x00000000a0000000,0x00000000a1379dd8,0x00000000a2280000)
 Metaspace       used 34612K, capacity 35370K, committed 35416K, reserved 1079296K
  class space    used 4833K, capacity 5094K, committed 5120K, reserved 1048576K
Event: 19.378 GC heap after
Heap after GC invocations=13 (full 2):
 PSYoungGen      total 98304K, used 0K [0x00000000e0000000, 0x00000000e8900000, 0x0000000100000000)
  eden space 89088K, 0% used [0x00000000e0000000,0x00000000e0000000,0x00000000e5700000)
  from space 9216K, 0% used [0x00000000e5700000,0x00000000e5700000,0x00000000e6000000)
  to   space 9216K, 0% used [0x00000000e8000000,0x00000000e8000000,0x00000000e8900000)
 ParOldGen       total 56320K, used 17716K [0x00000000a0000000, 0x00000000a3700000, 0x00000000e0000000)
  object space 56320K, 31% used [0x00000000a0000000,0x00000000a114d080,0x00000000a3700000)
 Metaspace       used 34612K, capacity 35370K, committed 35416K, reserved 1079296K
  class space    used 4833K, capacity 5094K, committed 5120K, reserved 1048576K
}
Event: 22.023 GC heap before
{Heap before GC invocations=14 (full 2):
 PSYoungGen      total 98304K, used 89088K [0x00000000e0000000, 0x00000000e8900000, 0x0000000100000000)
  eden space 89088K, 100% used [0x00000000e0000000,0x00000000e5700000,0x00000000e5700000)
  from space 9216K, 0% used [0x00000000e5700000,0x00000000e5700000,0x00000000e6000000)
  to   space 9216K, 0% used [0x00000000e8000000,0x00000000e8000000,0x00000000e8900000)
 ParOldGen       total 56320K, used 17716K [0x00000000a0000000, 0x00000000a3700000, 0x00000000e0000000)
  object space 56320K, 31% used [0x00000000a0000000,0x00000000a114d080,0x00000000a3700000)
 Metaspace       used 40954K, capacity 41818K, committed 41984K, reserved 1085440K
  class space    used 5568K, capacity 5848K, committed 5888K, reserved 1048576K
Event: 22.047 GC heap after
Heap after GC invocations=14 (full 2):
 PSYoungGen      total 121856K, used 9213K [0x00000000e0000000, 0x00000000e8900000, 0x0000000100000000)
  eden space 112640K, 0% used [0x00000000e0000000,0x00000000e0000000,0x00000000e6e00000)
  from space 9216K, 99% used [0x00000000e8000000,0x00000000e88ff798,0x00000000e8900000)
  to   space 10240K, 0% used [0x00000000e7500000,0x00000000e7500000,0x00000000e7f00000)
 ParOldGen       total 56320K, used 18301K [0x00000000a0000000, 0x00000000a3700000, 0x00000000e0000000)
  object space 56320K, 32% used [0x00000000a0000000,0x00000000a11df640,0x00000000a3700000)
 Metaspace       used 40954K, capacity 41818K, committed 41984K, reserved 1085440K
  class space    used 5568K, capacity 5848K, committed 5888K, reserved 1048576K
}
Event: 27.108 GC heap before
{Heap before GC invocations=15 (full 2):
 PSYoungGen      total 121856K, used 121853K [0x00000000e0000000, 0x00000000e8900000, 0x0000000100000000)
  eden space 112640K, 100% used [0x00000000e0000000,0x00000000e6e00000,0x00000000e6e00000)
  from space 9216K, 99% used [0x00000000e8000000,0x00000000e88ff798,0x00000000e8900000)
  to   space 10240K, 0% used [0x00000000e7500000,0x00000000e7500000,0x00000000e7f00000)
 ParOldGen       total 56320K, used 18301K [0x00000000a0000000, 0x00000000a3700000, 0x00000000e0000000)
  object space 56320K, 32% used [0x00000000a0000000,0x00000000a11df640,0x00000000a3700000)
 Metaspace       used 51672K, capacity 53294K, committed 53376K, reserved 1095680K
  class space    used 7090K, capacity 7475K, committed 7552K, reserved 1048576K
Event: 27.174 GC heap after
Heap after GC invocations=15 (full 2):
 PSYoungGen      total 130048K, used 10216K [0x00000000e0000000, 0x00000000ea580000, 0x0000000100000000)
  eden space 119808K, 0% used [0x00000000e0000000,0x00000000e0000000,0x00000000e7500000)
  from space 10240K, 99% used [0x00000000e7500000,0x00000000e7efa358,0x00000000e7f00000)
  to   space 14336K, 0% used [0x00000000e9780000,0x00000000e9780000,0x00000000ea580000)
 ParOldGen       total 56320K, used 26099K [0x00000000a0000000, 0x00000000a3700000, 0x00000000e0000000)
  object space 56320K, 46% used [0x00000000a0000000,0x00000000a197ce70,0x00000000a3700000)
 Metaspace       used 51672K, capacity 53294K, committed 53376K, reserved 1095680K
  class space    used 7090K, capacity 7475K, committed 7552K, reserved 1048576K
}

