# JRE version: OpenJDK Runtime Environment (8.0_152-b01) (build 1.8.0_152-release-1343-b01)
# Java VM: OpenJDK 64-Bit Server VM (25.152-b01 mixed mode windows-amd64 compressed oops)
Heap:
 PSYoungGen      total 135168K, used 12934K [0x00000000e0000000, 0x00000000e9a80000, 0x0000000100000000)
  eden space 126976K, 3% used [0x00000000e0000000,0x00000000e04a5000,0x00000000e7c00000)
  from space 8192K, 99% used [0x00000000e7c00000,0x00000000e83fca20,0x00000000e8400000)
  to   space 11776K, 0% used [0x00000000e8f00000,0x00000000e8f00000,0x00000000e9a80000)
 ParOldGen       total 64000K, used 35631K [0x00000000a0000000, 0x00000000a3e80000, 0x00000000e0000000)
  object space 64000K, 55% used [0x00000000a0000000,0x00000000a22cbe20,0x00000000a3e80000)
 Metaspace       used 53891K, capacity 55644K, committed 55808K, reserved 1097728K
  class space    used 7447K, capacity 7882K, committed 7936K, reserved 1048576K
GC Heap History (10 events):
Event: 11.828 GC heap before
{Heap before GC invocations=9 (full 1):
 PSYoungGen      total 72192K, used 64512K [0x00000000e0000000, 0x00000000e8d00000, 0x0000000100000000)
  eden space 64512K, 100% used [0x00000000e0000000,0x00000000e3f00000,0x00000000e3f00000)
  from space 7680K, 0% used [0x00000000e3f00000,0x00000000e3f00000,0x00000000e4680000)
  to   space 7680K, 0% used [0x00000000e8580000,0x00000000e8580000,0x00000000e8d00000)
 ParOldGen       total 36352K, used 9400K [0x00000000a0000000, 0x00000000a2380000, 0x00000000e0000000)
  object space 36352K, 25% used [0x00000000a0000000,0x00000000a092e1b0,0x00000000a2380000)
 Metaspace       used 25954K, capacity 26566K, committed 26880K, reserved 1073152K
  class space    used 3621K, capacity 3776K, committed 3840K, reserved 1048576K
Event: 11.846 GC heap after
Heap after GC invocations=9 (full 1):
 PSYoungGen      total 108032K, used 6543K [0x00000000e0000000, 0x00000000e8c00000, 0x0000000100000000)
  eden space 101376K, 0% used [0x00000000e0000000,0x00000000e0000000,0x00000000e6300000)
  from space 6656K, 98% used [0x00000000e8580000,0x00000000e8be3d90,0x00000000e8c00000)
  to   space 8192K, 0% used [0x00000000e7c00000,0x00000000e7c00000,0x00000000e8400000)
 ParOldGen       total 36352K, used 9408K [0x00000000a0000000, 0x00000000a2380000, 0x00000000e0000000)
  object space 36352K, 25% used [0x00000000a0000000,0x00000000a09301b0,0x00000000a2380000)
 Metaspace       used 25954K, capacity 26566K, committed 26880K, reserved 1073152K
  class space    used 3621K, capacity 3776K, committed 3840K, reserved 1048576K
}
Event: 18.126 GC heap before
{Heap before GC invocations=10 (full 1):
 PSYoungGen      total 108032K, used 107919K [0x00000000e0000000, 0x00000000e8c00000, 0x0000000100000000)
  eden space 101376K, 100% used [0x00000000e0000000,0x00000000e6300000,0x00000000e6300000)
  from space 6656K, 98% used [0x00000000e8580000,0x00000000e8be3d90,0x00000000e8c00000)
  to   space 8192K, 0% used [0x00000000e7c00000,0x00000000e7c00000,0x00000000e8400000)
 ParOldGen       total 36352K, used 9408K [0x00000000a0000000, 0x00000000a2380000, 0x00000000e0000000)
  object space 36352K, 25% used [0x00000000a0000000,0x00000000a09301b0,0x00000000a2380000)
 Metaspace       used 34595K, capacity 35370K, committed 35416K, reserved 1079296K
  class space    used 4834K, capacity 5094K, committed 5120K, reserved 1048576K
Event: 18.180 GC heap after
Heap after GC invocations=10 (full 1):
 PSYoungGen      total 135168K, used 8163K [0x00000000e0000000, 0x00000000e9a80000, 0x0000000100000000)
  eden space 126976K, 0% used [0x00000000e0000000,0x00000000e0000000,0x00000000e7c00000)
  from space 8192K, 99% used [0x00000000e7c00000,0x00000000e83f8e48,0x00000000e8400000)
  to   space 11776K, 0% used [0x00000000e8f00000,0x00000000e8f00000,0x00000000e9a80000)
 ParOldGen       total 36352K, used 15667K [0x00000000a0000000, 0x00000000a2380000, 0x00000000e0000000)
  object space 36352K, 43% used [0x00000000a0000000,0x00000000a0f4cde0,0x00000000a2380000)
 Metaspace       used 34595K, capacity 35370K, committed 35416K, reserved 1079296K
  class space    used 4834K, capacity 5094K, committed 5120K, reserved 1048576K
}
Event: 18.181 GC heap before
{Heap before GC invocations=11 (full 2):
 PSYoungGen      total 135168K, used 8163K [0x00000000e0000000, 0x00000000e9a80000, 0x0000000100000000)
  eden space 126976K, 0% used [0x00000000e0000000,0x00000000e0000000,0x00000000e7c00000)
  from space 8192K, 99% used [0x00000000e7c00000,0x00000000e83f8e48,0x00000000e8400000)
  to   space 11776K, 0% used [0x00000000e8f00000,0x00000000e8f00000,0x00000000e9a80000)
 ParOldGen       total 36352K, used 15667K [0x00000000a0000000, 0x00000000a2380000, 0x00000000e0000000)
  object space 36352K, 43% used [0x00000000a0000000,0x00000000a0f4cde0,0x00000000a2380000)
 Metaspace       used 34595K, capacity 35370K, committed 35416K, reserved 1079296K
  class space    used 4834K, capacity 5094K, committed 5120K, reserved 1048576K
Event: 18.455 GC heap after
Heap after GC invocations=11 (full 2):
 PSYoungGen      total 135168K, used 0K [0x00000000e0000000, 0x00000000e9a80000, 0x0000000100000000)
  eden space 126976K, 0% used [0x00000000e0000000,0x00000000e0000000,0x00000000e7c00000)
  from space 8192K, 0% used [0x00000000e7c00000,0x00000000e7c00000,0x00000000e8400000)
  to   space 11776K, 0% used [0x00000000e8f00000,0x00000000e8f00000,0x00000000e9a80000)
 ParOldGen       total 64000K, used 20925K [0x00000000a0000000, 0x00000000a3e80000, 0x00000000e0000000)
  object space 64000K, 32% used [0x00000000a0000000,0x00000000a146f5f8,0x00000000a3e80000)
 Metaspace       used 34595K, capacity 35370K, committed 35416K, reserved 1079296K
  class space    used 4834K, capacity 5094K, committed 5120K, reserved 1048576K
}
Event: 23.141 GC heap before
{Heap before GC invocations=12 (full 2):
 PSYoungGen      total 135168K, used 126976K [0x00000000e0000000, 0x00000000e9a80000, 0x0000000100000000)
  eden space 126976K, 100% used [0x00000000e0000000,0x00000000e7c00000,0x00000000e7c00000)
  from space 8192K, 0% used [0x00000000e7c00000,0x00000000e7c00000,0x00000000e8400000)
  to   space 11776K, 0% used [0x00000000e8f00000,0x00000000e8f00000,0x00000000e9a80000)
 ParOldGen       total 64000K, used 20925K [0x00000000a0000000, 0x00000000a3e80000, 0x00000000e0000000)
  object space 64000K, 32% used [0x00000000a0000000,0x00000000a146f5f8,0x00000000a3e80000)
 Metaspace       used 43655K, capacity 44756K, committed 45056K, reserved 1087488K
  class space    used 6018K, capacity 6338K, committed 6400K, reserved 1048576K
Event: 23.189 GC heap after
Heap after GC invocations=12 (full 2):
 PSYoungGen      total 138752K, used 11745K [0x00000000e0000000, 0x00000000e9a80000, 0x0000000100000000)
  eden space 126976K, 0% used [0x00000000e0000000,0x00000000e0000000,0x00000000e7c00000)
  from space 11776K, 99% used [0x00000000e8f00000,0x00000000e9a78460,0x00000000e9a80000)
  to   space 8192K, 0% used [0x00000000e7c00000,0x00000000e7c00000,0x00000000e8400000)
 ParOldGen       total 64000K, used 23567K [0x00000000a0000000, 0x00000000a3e80000, 0x00000000e0000000)
  object space 64000K, 36% used [0x00000000a0000000,0x00000000a1703fb0,0x00000000a3e80000)
 Metaspace       used 43655K, capacity 44756K, committed 45056K, reserved 1087488K
  class space    used 6018K, capacity 6338K, committed 6400K, reserved 1048576K
}
Event: 30.266 GC heap before
{Heap before GC invocations=13 (full 2):
 PSYoungGen      total 138752K, used 138721K [0x00000000e0000000, 0x00000000e9a80000, 0x0000000100000000)
  eden space 126976K, 100% used [0x00000000e0000000,0x00000000e7c00000,0x00000000e7c00000)
  from space 11776K, 99% used [0x00000000e8f00000,0x00000000e9a78460,0x00000000e9a80000)
  to   space 8192K, 0% used [0x00000000e7c00000,0x00000000e7c00000,0x00000000e8400000)
 ParOldGen       total 64000K, used 23567K [0x00000000a0000000, 0x00000000a3e80000, 0x00000000e0000000)
  object space 64000K, 36% used [0x00000000a0000000,0x00000000a1703fb0,0x00000000a3e80000)
 Metaspace       used 53763K, capacity 55478K, committed 55808K, reserved 1097728K
  class space    used 7427K, capacity 7848K, committed 7936K, reserved 1048576K
Event: 30.379 GC heap after
Heap after GC invocations=13 (full 2):
 PSYoungGen      total 135168K, used 8178K [0x00000000e0000000, 0x00000000e9a80000, 0x0000000100000000)
  eden space 126976K, 0% used [0x00000000e0000000,0x00000000e0000000,0x00000000e7c00000)
  from space 8192K, 99% used [0x00000000e7c00000,0x00000000e83fca20,0x00000000e8400000)
  to   space 11776K, 0% used [0x00000000e8f00000,0x00000000e8f00000,0x00000000e9a80000)
 ParOldGen       total 64000K, used 35631K [0x00000000a0000000, 0x00000000a3e80000, 0x00000000e0000000)
  object space 64000K, 55% used [0x00000000a0000000,0x00000000a22cbe20,0x00000000a3e80000)
 Metaspace       used 53763K, capacity 55478K, committed 55808K, reserved 1097728K
  class space    used 7427K, capacity 7848K, committed 7936K, reserved 1048576K
}

