# JRE version: OpenJDK Runtime Environment (8.0_152-b01) (build 1.8.0_152-release-1343-b01)
# Java VM: OpenJDK 64-Bit Server VM (25.152-b01 mixed mode windows-amd64 compressed oops)
Heap:
 PSYoungGen      total 94720K, used 42175K [0x00000000e0000000, 0x00000000e6980000, 0x0000000100000000)
  eden space 85504K, 49% used [0x00000000e0000000,0x00000000e292fcb0,0x00000000e5380000)
  from space 9216K, 0% used [0x00000000e5380000,0x00000000e5380000,0x00000000e5c80000)
  to   space 7680K, 0% used [0x00000000e5c80000,0x00000000e5c80000,0x00000000e6400000)
 ParOldGen       total 58880K, used 17710K [0x00000000a0000000, 0x00000000a3980000, 0x00000000e0000000)
  object space 58880K, 30% used [0x00000000a0000000,0x00000000a114b908,0x00000000a3980000)
 Metaspace       used 37683K, capacity 38530K, committed 38784K, reserved 1083392K
  class space    used 5175K, capacity 5402K, committed 5504K, reserved 1048576K
GC Heap History (10 events):
Event: 11.850 GC heap before
{Heap before GC invocations=9 (full 1):
 PSYoungGen      total 72704K, used 4973K [0x00000000e0000000, 0x00000000e4e00000, 0x0000000100000000)
  eden space 65536K, 0% used [0x00000000e0000000,0x00000000e0000000,0x00000000e4000000)
  from space 7168K, 69% used [0x00000000e4700000,0x00000000e4bdb7b0,0x00000000e4e00000)
  to   space 7168K, 0% used [0x00000000e4000000,0x00000000e4000000,0x00000000e4700000)
 ParOldGen       total 44032K, used 8184K [0x00000000a0000000, 0x00000000a2b00000, 0x00000000e0000000)
  object space 44032K, 18% used [0x00000000a0000000,0x00000000a07fe0d8,0x00000000a2b00000)
 Metaspace       used 20785K, capacity 21206K, committed 21248K, reserved 1067008K
  class space    used 2891K, capacity 3042K, committed 3072K, reserved 1048576K
Event: 12.030 GC heap after
Heap after GC invocations=9 (full 1):
 PSYoungGen      total 72704K, used 0K [0x00000000e0000000, 0x00000000e4e00000, 0x0000000100000000)
  eden space 65536K, 0% used [0x00000000e0000000,0x00000000e0000000,0x00000000e4000000)
  from space 7168K, 0% used [0x00000000e4700000,0x00000000e4700000,0x00000000e4e00000)
  to   space 7168K, 0% used [0x00000000e4000000,0x00000000e4000000,0x00000000e4700000)
 ParOldGen       total 35840K, used 9450K [0x00000000a0000000, 0x00000000a2300000, 0x00000000e0000000)
  object space 35840K, 26% used [0x00000000a0000000,0x00000000a093aa30,0x00000000a2300000)
 Metaspace       used 20785K, capacity 21206K, committed 21248K, reserved 1067008K
  class space    used 2891K, capacity 3042K, committed 3072K, reserved 1048576K
}
Event: 14.463 GC heap before
{Heap before GC invocations=10 (full 1):
 PSYoungGen      total 72704K, used 65536K [0x00000000e0000000, 0x00000000e4e00000, 0x0000000100000000)
  eden space 65536K, 100% used [0x00000000e0000000,0x00000000e4000000,0x00000000e4000000)
  from space 7168K, 0% used [0x00000000e4700000,0x00000000e4700000,0x00000000e4e00000)
  to   space 7168K, 0% used [0x00000000e4000000,0x00000000e4000000,0x00000000e4700000)
 ParOldGen       total 35840K, used 9450K [0x00000000a0000000, 0x00000000a2300000, 0x00000000e0000000)
  object space 35840K, 26% used [0x00000000a0000000,0x00000000a093aa30,0x00000000a2300000)
 Metaspace       used 25962K, capacity 26502K, committed 26624K, reserved 1073152K
  class space    used 3626K, capacity 3776K, committed 3840K, reserved 1048576K
Event: 14.498 GC heap after
Heap after GC invocations=10 (full 1):
 PSYoungGen      total 72704K, used 6585K [0x00000000e0000000, 0x00000000e6400000, 0x0000000100000000)
  eden space 65536K, 0% used [0x00000000e0000000,0x00000000e0000000,0x00000000e4000000)
  from space 7168K, 91% used [0x00000000e4000000,0x00000000e466e720,0x00000000e4700000)
  to   space 7680K, 0% used [0x00000000e5c80000,0x00000000e5c80000,0x00000000e6400000)
 ParOldGen       total 35840K, used 9458K [0x00000000a0000000, 0x00000000a2300000, 0x00000000e0000000)
  object space 35840K, 26% used [0x00000000a0000000,0x00000000a093ca30,0x00000000a2300000)
 Metaspace       used 25962K, capacity 26502K, committed 26624K, reserved 1073152K
  class space    used 3626K, capacity 3776K, committed 3840K, reserved 1048576K
}
Event: 17.705 GC heap before
{Heap before GC invocations=11 (full 1):
 PSYoungGen      total 72704K, used 72121K [0x00000000e0000000, 0x00000000e6400000, 0x0000000100000000)
  eden space 65536K, 100% used [0x00000000e0000000,0x00000000e4000000,0x00000000e4000000)
  from space 7168K, 91% used [0x00000000e4000000,0x00000000e466e720,0x00000000e4700000)
  to   space 7680K, 0% used [0x00000000e5c80000,0x00000000e5c80000,0x00000000e6400000)
 ParOldGen       total 35840K, used 9458K [0x00000000a0000000, 0x00000000a2300000, 0x00000000e0000000)
  object space 35840K, 26% used [0x00000000a0000000,0x00000000a093ca30,0x00000000a2300000)
 Metaspace       used 30326K, capacity 30966K, committed 31104K, reserved 1075200K
  class space    used 4261K, capacity 4452K, committed 4480K, reserved 1048576K
Event: 17.844 GC heap after
Heap after GC invocations=11 (full 1):
 PSYoungGen      total 93184K, used 7667K [0x00000000e0000000, 0x00000000e6980000, 0x0000000100000000)
  eden space 85504K, 0% used [0x00000000e0000000,0x00000000e0000000,0x00000000e5380000)
  from space 7680K, 99% used [0x00000000e5c80000,0x00000000e63fcd48,0x00000000e6400000)
  to   space 9216K, 0% used [0x00000000e5380000,0x00000000e5380000,0x00000000e5c80000)
 ParOldGen       total 35840K, used 11921K [0x00000000a0000000, 0x00000000a2300000, 0x00000000e0000000)
  object space 35840K, 33% used [0x00000000a0000000,0x00000000a0ba4430,0x00000000a2300000)
 Metaspace       used 30326K, capacity 30966K, committed 31104K, reserved 1075200K
  class space    used 4261K, capacity 4452K, committed 4480K, reserved 1048576K
}
Event: 20.527 GC heap before
{Heap before GC invocations=12 (full 1):
 PSYoungGen      total 93184K, used 42872K [0x00000000e0000000, 0x00000000e6980000, 0x0000000100000000)
  eden space 85504K, 41% used [0x00000000e0000000,0x00000000e22613e8,0x00000000e5380000)
  from space 7680K, 99% used [0x00000000e5c80000,0x00000000e63fcd48,0x00000000e6400000)
  to   space 9216K, 0% used [0x00000000e5380000,0x00000000e5380000,0x00000000e5c80000)
 ParOldGen       total 35840K, used 11921K [0x00000000a0000000, 0x00000000a2300000, 0x00000000e0000000)
  object space 35840K, 33% used [0x00000000a0000000,0x00000000a0ba4430,0x00000000a2300000)
 Metaspace       used 34610K, capacity 35370K, committed 35416K, reserved 1079296K
  class space    used 4835K, capacity 5094K, committed 5120K, reserved 1048576K
Event: 20.609 GC heap after
Heap after GC invocations=12 (full 1):
 PSYoungGen      total 94720K, used 4460K [0x00000000e0000000, 0x00000000e6980000, 0x0000000100000000)
  eden space 85504K, 0% used [0x00000000e0000000,0x00000000e0000000,0x00000000e5380000)
  from space 9216K, 48% used [0x00000000e5380000,0x00000000e57db1a8,0x00000000e5c80000)
  to   space 7680K, 0% used [0x00000000e5c80000,0x00000000e5c80000,0x00000000e6400000)
 ParOldGen       total 35840K, used 18529K [0x00000000a0000000, 0x00000000a2300000, 0x00000000e0000000)
  object space 35840K, 51% used [0x00000000a0000000,0x00000000a12186b0,0x00000000a2300000)
 Metaspace       used 34610K, capacity 35370K, committed 35416K, reserved 1079296K
  class space    used 4835K, capacity 5094K, committed 5120K, reserved 1048576K
}
Event: 20.609 GC heap before
{Heap before GC invocations=13 (full 2):
 PSYoungGen      total 94720K, used 4460K [0x00000000e0000000, 0x00000000e6980000, 0x0000000100000000)
  eden space 85504K, 0% used [0x00000000e0000000,0x00000000e0000000,0x00000000e5380000)
  from space 9216K, 48% used [0x00000000e5380000,0x00000000e57db1a8,0x00000000e5c80000)
  to   space 7680K, 0% used [0x00000000e5c80000,0x00000000e5c80000,0x00000000e6400000)
 ParOldGen       total 35840K, used 18529K [0x00000000a0000000, 0x00000000a2300000, 0x00000000e0000000)
  object space 35840K, 51% used [0x00000000a0000000,0x00000000a12186b0,0x00000000a2300000)
 Metaspace       used 34610K, capacity 35370K, committed 35416K, reserved 1079296K
  class space    used 4835K, capacity 5094K, committed 5120K, reserved 1048576K
Event: 20.901 GC heap after
Heap after GC invocations=13 (full 2):
 PSYoungGen      total 94720K, used 0K [0x00000000e0000000, 0x00000000e6980000, 0x0000000100000000)
  eden space 85504K, 0% used [0x00000000e0000000,0x00000000e0000000,0x00000000e5380000)
  from space 9216K, 0% used [0x00000000e5380000,0x00000000e5380000,0x00000000e5c80000)
  to   space 7680K, 0% used [0x00000000e5c80000,0x00000000e5c80000,0x00000000e6400000)
 ParOldGen       total 58880K, used 17710K [0x00000000a0000000, 0x00000000a3980000, 0x00000000e0000000)
  object space 58880K, 30% used [0x00000000a0000000,0x00000000a114b908,0x00000000a3980000)
 Metaspace       used 34610K, capacity 35370K, committed 35416K, reserved 1079296K
  class space    used 4835K, capacity 5094K, committed 5120K, reserved 1048576K
}

