# JRE version: OpenJDK Runtime Environment (8.0_152-b01) (build 1.8.0_152-release-1343-b01)
# Java VM: OpenJDK 64-Bit Server VM (25.152-b01 mixed mode windows-amd64 compressed oops)
Heap:
 PSYoungGen      total 113664K, used 10226K [0x00000000e0000000, 0x00000000e9080000, 0x0000000100000000)
  eden space 103424K, 0% used [0x00000000e0000000,0x00000000e0000000,0x00000000e6500000)
  from space 10240K, 99% used [0x00000000e7c80000,0x00000000e867ca20,0x00000000e8680000)
  to   space 6656K, 0% used [0x00000000e8a00000,0x00000000e8a00000,0x00000000e9080000)
 ParOldGen       total 43008K, used 16072K [0x00000000a0000000, 0x00000000a2a00000, 0x00000000e0000000)
  object space 43008K, 37% used [0x00000000a0000000,0x00000000a0fb23b0,0x00000000a2a00000)
 Metaspace       used 34589K, capacity 35370K, committed 35416K, reserved 1079296K
  class space    used 4834K, capacity 5094K, committed 5120K, reserved 1048576K
GC Heap History (10 events):
Event: 10.635 GC heap after
Heap after GC invocations=4 (full 0):
 PSYoungGen      total 68096K, used 2552K [0x00000000e0000000, 0x00000000e4500000, 0x0000000100000000)
  eden space 65536K, 0% used [0x00000000e0000000,0x00000000e0000000,0x00000000e4000000)
  from space 2560K, 99% used [0x00000000e4280000,0x00000000e44fe030,0x00000000e4500000)
  to   space 2560K, 0% used [0x00000000e4000000,0x00000000e4000000,0x00000000e4280000)
 ParOldGen       total 44032K, used 7781K [0x00000000a0000000, 0x00000000a2b00000, 0x00000000e0000000)
  object space 44032K, 17% used [0x00000000a0000000,0x00000000a07995c8,0x00000000a2b00000)
 Metaspace       used 14414K, capacity 14774K, committed 14976K, reserved 1062912K
  class space    used 1999K, capacity 2125K, committed 2176K, reserved 1048576K
}
Event: 14.080 GC heap before
{Heap before GC invocations=5 (full 0):
 PSYoungGen      total 68096K, used 51427K [0x00000000e0000000, 0x00000000e4500000, 0x0000000100000000)
  eden space 65536K, 74% used [0x00000000e0000000,0x00000000e2fbad98,0x00000000e4000000)
  from space 2560K, 99% used [0x00000000e4280000,0x00000000e44fe030,0x00000000e4500000)
  to   space 2560K, 0% used [0x00000000e4000000,0x00000000e4000000,0x00000000e4280000)
 ParOldGen       total 44032K, used 7781K [0x00000000a0000000, 0x00000000a2b00000, 0x00000000e0000000)
  object space 44032K, 17% used [0x00000000a0000000,0x00000000a07995c8,0x00000000a2b00000)
 Metaspace       used 20783K, capacity 21206K, committed 21248K, reserved 1067008K
  class space    used 2891K, capacity 3042K, committed 3072K, reserved 1048576K
Event: 14.105 GC heap after
Heap after GC invocations=5 (full 0):
 PSYoungGen      total 68096K, used 2536K [0x00000000e0000000, 0x00000000e9400000, 0x0000000100000000)
  eden space 65536K, 0% used [0x00000000e0000000,0x00000000e0000000,0x00000000e4000000)
  from space 2560K, 99% used [0x00000000e4000000,0x00000000e427a050,0x00000000e4280000)
  to   space 10240K, 0% used [0x00000000e8a00000,0x00000000e8a00000,0x00000000e9400000)
 ParOldGen       total 44032K, used 14414K [0x00000000a0000000, 0x00000000a2b00000, 0x00000000e0000000)
  object space 44032K, 32% used [0x00000000a0000000,0x00000000a0e13ba8,0x00000000a2b00000)
 Metaspace       used 20783K, capacity 21206K, committed 21248K, reserved 1067008K
  class space    used 2891K, capacity 3042K, committed 3072K, reserved 1048576K
}
Event: 14.105 GC heap before
{Heap before GC invocations=6 (full 1):
 PSYoungGen      total 68096K, used 2536K [0x00000000e0000000, 0x00000000e9400000, 0x0000000100000000)
  eden space 65536K, 0% used [0x00000000e0000000,0x00000000e0000000,0x00000000e4000000)
  from space 2560K, 99% used [0x00000000e4000000,0x00000000e427a050,0x00000000e4280000)
  to   space 10240K, 0% used [0x00000000e8a00000,0x00000000e8a00000,0x00000000e9400000)
 ParOldGen       total 44032K, used 14414K [0x00000000a0000000, 0x00000000a2b00000, 0x00000000e0000000)
  object space 44032K, 32% used [0x00000000a0000000,0x00000000a0e13ba8,0x00000000a2b00000)
 Metaspace       used 20783K, capacity 21206K, committed 21248K, reserved 1067008K
  class space    used 2891K, capacity 3042K, committed 3072K, reserved 1048576K
Event: 14.213 GC heap after
Heap after GC invocations=6 (full 1):
 PSYoungGen      total 68096K, used 0K [0x00000000e0000000, 0x00000000e9400000, 0x0000000100000000)
  eden space 65536K, 0% used [0x00000000e0000000,0x00000000e0000000,0x00000000e4000000)
  from space 2560K, 0% used [0x00000000e4000000,0x00000000e4000000,0x00000000e4280000)
  to   space 10240K, 0% used [0x00000000e8a00000,0x00000000e8a00000,0x00000000e9400000)
 ParOldGen       total 43008K, used 11819K [0x00000000a0000000, 0x00000000a2a00000, 0x00000000e0000000)
  object space 43008K, 27% used [0x00000000a0000000,0x00000000a0b8adc0,0x00000000a2a00000)
 Metaspace       used 20783K, capacity 21206K, committed 21248K, reserved 1067008K
  class space    used 2891K, capacity 3042K, committed 3072K, reserved 1048576K
}
Event: 16.341 GC heap before
{Heap before GC invocations=7 (full 1):
 PSYoungGen      total 68096K, used 65536K [0x00000000e0000000, 0x00000000e9400000, 0x0000000100000000)
  eden space 65536K, 100% used [0x00000000e0000000,0x00000000e4000000,0x00000000e4000000)
  from space 2560K, 0% used [0x00000000e4000000,0x00000000e4000000,0x00000000e4280000)
  to   space 10240K, 0% used [0x00000000e8a00000,0x00000000e8a00000,0x00000000e9400000)
 ParOldGen       total 43008K, used 11819K [0x00000000a0000000, 0x00000000a2a00000, 0x00000000e0000000)
  object space 43008K, 27% used [0x00000000a0000000,0x00000000a0b8adc0,0x00000000a2a00000)
 Metaspace       used 25958K, capacity 26502K, committed 26624K, reserved 1073152K
  class space    used 3625K, capacity 3776K, committed 3840K, reserved 1048576K
Event: 16.360 GC heap after
Heap after GC invocations=7 (full 1):
 PSYoungGen      total 110080K, used 6640K [0x00000000e0000000, 0x00000000e9080000, 0x0000000100000000)
  eden space 103424K, 0% used [0x00000000e0000000,0x00000000e0000000,0x00000000e6500000)
  from space 6656K, 99% used [0x00000000e8a00000,0x00000000e907c348,0x00000000e9080000)
  to   space 10240K, 0% used [0x00000000e7c80000,0x00000000e7c80000,0x00000000e8680000)
 ParOldGen       total 43008K, used 11827K [0x00000000a0000000, 0x00000000a2a00000, 0x00000000e0000000)
  object space 43008K, 27% used [0x00000000a0000000,0x00000000a0b8cdc0,0x00000000a2a00000)
 Metaspace       used 25958K, capacity 26502K, committed 26624K, reserved 1073152K
  class space    used 3625K, capacity 3776K, committed 3840K, reserved 1048576K
}
Event: 20.981 GC heap before
{Heap before GC invocations=8 (full 1):
 PSYoungGen      total 110080K, used 107817K [0x00000000e0000000, 0x00000000e9080000, 0x0000000100000000)
  eden space 103424K, 97% used [0x00000000e0000000,0x00000000e62ce118,0x00000000e6500000)
  from space 6656K, 99% used [0x00000000e8a00000,0x00000000e907c348,0x00000000e9080000)
  to   space 10240K, 0% used [0x00000000e7c80000,0x00000000e7c80000,0x00000000e8680000)
 ParOldGen       total 43008K, used 11827K [0x00000000a0000000, 0x00000000a2a00000, 0x00000000e0000000)
  object space 43008K, 27% used [0x00000000a0000000,0x00000000a0b8cdc0,0x00000000a2a00000)
 Metaspace       used 34589K, capacity 35370K, committed 35416K, reserved 1079296K
  class space    used 4834K, capacity 5094K, committed 5120K, reserved 1048576K
Event: 21.131 GC heap after
Heap after GC invocations=8 (full 1):
 PSYoungGen      total 113664K, used 10226K [0x00000000e0000000, 0x00000000e9080000, 0x0000000100000000)
  eden space 103424K, 0% used [0x00000000e0000000,0x00000000e0000000,0x00000000e6500000)
  from space 10240K, 99% used [0x00000000e7c80000,0x00000000e867ca20,0x00000000e8680000)
  to   space 6656K, 0% used [0x00000000e8a00000,0x00000000e8a00000,0x00000000e9080000)
 ParOldGen       total 43008K, used 16072K [0x00000000a0000000, 0x00000000a2a00000, 0x00000000e0000000)
  object space 43008K, 37% used [0x00000000a0000000,0x00000000a0fb23b0,0x00000000a2a00000)
 Metaspace       used 34589K, capacity 35370K, committed 35416K, reserved 1079296K
  class space    used 4834K, capacity 5094K, committed 5120K, reserved 1048576K
}
Event: 21.131 GC heap before
{Heap before GC invocations=9 (full 2):
 PSYoungGen      total 113664K, used 10226K [0x00000000e0000000, 0x00000000e9080000, 0x0000000100000000)
  eden space 103424K, 0% used [0x00000000e0000000,0x00000000e0000000,0x00000000e6500000)
  from space 10240K, 99% used [0x00000000e7c80000,0x00000000e867ca20,0x00000000e8680000)
  to   space 6656K, 0% used [0x00000000e8a00000,0x00000000e8a00000,0x00000000e9080000)
 ParOldGen       total 43008K, used 16072K [0x00000000a0000000, 0x00000000a2a00000, 0x00000000e0000000)
  object space 43008K, 37% used [0x00000000a0000000,0x00000000a0fb23b0,0x00000000a2a00000)
 Metaspace       used 34589K, capacity 35370K, committed 35416K, reserved 1079296K
  class space    used 4834K, capacity 5094K, committed 5120K, reserved 1048576K

